{"E:\\git\\metamorphosis-typescript\\src\\index.ts": {"path":"E:\\git\\metamorphosis-typescript\\src\\index.ts","statementMap":{"0":{"start":{"line":1,"column":0},"end":{"line":1,"column":9}},"1":{"start":{"line":1,"column":9},"end":{"line":1,"column":63}},"2":{"start":{"line":3,"column":0},"end":{"line":3,"column":9}},"3":{"start":{"line":3,"column":9},"end":{"line":3,"column":58}},"4":{"start":{"line":4,"column":0},"end":{"line":4,"column":9}},"5":{"start":{"line":4,"column":9},"end":{"line":4,"column":37}}},"fnMap":{},"branchMap":{},"s":{"0":0,"1":0,"2":0,"3":0,"4":0,"5":0},"f":{},"b":{}}
,"E:\\git\\metamorphosis-typescript\\src\\consts\\log.ts": {"path":"E:\\git\\metamorphosis-typescript\\src\\consts\\log.ts","statementMap":{"0":{"start":{"line":1,"column":18},"end":{"line":4,"column":null}},"1":{"start":{"line":14,"column":9},"end":{"line":14,"column":18}},"2":{"start":{"line":8,"column":8},"end":{"line":9,"column":30}},"3":{"start":{"line":9,"column":12},"end":{"line":9,"column":30}},"4":{"start":{"line":12,"column":15},"end":{"line":12,"column":27}},"5":{"start":{"line":15,"column":8},"end":{"line":15,"column":14}}},"fnMap":{"0":{"name":"(anonymous_0)","decl":{"start":{"line":7,"column":10},"end":{"line":7,"column":13}},"loc":{"start":{"line":7,"column":25},"end":{"line":10,"column":5}}}},"branchMap":{"0":{"loc":{"start":{"line":8,"column":8},"end":{"line":9,"column":30}},"type":"if","locations":[{"start":{"line":8,"column":8},"end":{"line":9,"column":30}},{"start":{"line":8,"column":8},"end":{"line":9,"column":30}}]}},"s":{"0":4,"1":4,"2":14,"3":5,"4":4,"5":4},"f":{"0":14},"b":{"0":[5,9]}}
,"E:\\git\\metamorphosis-typescript\\src\\decorators\\converter-decorator.ts": {"path":"E:\\git\\metamorphosis-typescript\\src\\decorators\\converter-decorator.ts","statementMap":{"0":{"start":{"line":2,"column":0},"end":{"line":2,"column":60}},"1":{"start":{"line":3,"column":0},"end":{"line":3,"column":39}},"2":{"start":{"line":5,"column":27},"end":{"line":17,"column":1}},"3":{"start":{"line":6,"column":2},"end":{"line":16,"column":4}},"4":{"start":{"line":7,"column":4},"end":{"line":7,"column":126}},"5":{"start":{"line":9,"column":4},"end":{"line":15,"column":null}},"6":{"start":{"line":11,"column":8},"end":{"line":11,"column":23}},"7":{"start":{"line":12,"column":8},"end":{"line":12,"column":123}},"8":{"start":{"line":13,"column":8},"end":{"line":13,"column":139}},"9":{"start":{"line":22,"column":31},"end":{"line":22,"column":38}},"10":{"start":{"line":19,"column":26},"end":{"line":19,"column":49}},"11":{"start":{"line":20,"column":9},"end":{"line":20,"column":26}}},"fnMap":{"0":{"name":"(anonymous_0)","decl":{"start":{"line":5,"column":27},"end":{"line":5,"column":28}},"loc":{"start":{"line":5,"column":90},"end":{"line":17,"column":1}}},"1":{"name":"(anonymous_1)","decl":{"start":{"line":6,"column":9},"end":{"line":6,"column":53}},"loc":{"start":{"line":6,"column":77},"end":{"line":16,"column":3}}},"2":{"name":"(anonymous_2)","decl":{"start":{"line":10,"column":6},"end":{"line":10,"column":18}},"loc":{"start":{"line":10,"column":32},"end":{"line":14,"column":7}}}},"branchMap":{},"s":{"0":4,"1":4,"2":4,"3":5,"4":5,"5":5,"6":5,"7":5,"8":5,"9":4,"10":4,"11":4},"f":{"0":5,"1":5,"2":5},"b":{}}
,"E:\\git\\metamorphosis-typescript\\src\\model\\converter-descriptor.ts": {"path":"E:\\git\\metamorphosis-typescript\\src\\model\\converter-descriptor.ts","statementMap":{"0":{"start":{"line":9,"column":4},"end":{"line":9,"column":31}},"1":{"start":{"line":10,"column":4},"end":{"line":10,"column":35}},"2":{"start":{"line":11,"column":4},"end":{"line":11,"column":35}},"3":{"start":{"line":3,"column":0},"end":{"line":3,"column":21}}},"fnMap":{"0":{"name":"(anonymous_0)","decl":{"start":{"line":8,"column":2},"end":{"line":8,"column":14}},"loc":{"start":{"line":8,"column":129},"end":{"line":12,"column":3}}}},"branchMap":{},"s":{"0":5,"1":5,"2":5,"3":4},"f":{"0":5},"b":{}}
,"E:\\git\\metamorphosis-typescript\\src\\model\\converter-registry.ts": {"path":"E:\\git\\metamorphosis-typescript\\src\\model\\converter-registry.ts","statementMap":{"0":{"start":{"line":1,"column":0},"end":{"line":1,"column":57}},"1":{"start":{"line":5,"column":10},"end":{"line":5,"column":57}},"2":{"start":{"line":8,"column":4},"end":{"line":8,"column":88}},"3":{"start":{"line":12,"column":37},"end":{"line":12,"column":171}},"4":{"start":{"line":12,"column":82},"end":{"line":12,"column":170}},"5":{"start":{"line":13,"column":4},"end":{"line":13,"column":84}},"6":{"start":{"line":4,"column":0},"end":{"line":4,"column":21}}},"fnMap":{"0":{"name":"(anonymous_0)","decl":{"start":{"line":4,"column":0},"end":{"line":4,"column":21}},"loc":{"start":{"line":4,"column":0},"end":{"line":15,"column":1}}},"1":{"name":"(anonymous_1)","decl":{"start":{"line":7,"column":9},"end":{"line":7,"column":17}},"loc":{"start":{"line":7,"column":133},"end":{"line":9,"column":3}}},"2":{"name":"(anonymous_2)","decl":{"start":{"line":11,"column":9},"end":{"line":11,"column":21}},"loc":{"start":{"line":11,"column":71},"end":{"line":14,"column":3}}},"3":{"name":"(anonymous_3)","decl":{"start":{"line":12,"column":59},"end":{"line":12,"column":78}},"loc":{"start":{"line":12,"column":82},"end":{"line":12,"column":170}}}},"branchMap":{"0":{"loc":{"start":{"line":12,"column":82},"end":{"line":12,"column":124}},"type":"binary-expr","locations":[{"start":{"line":12,"column":82},"end":{"line":12,"column":124}},{"start":{"line":12,"column":128},"end":{"line":12,"column":170}}]},"1":{"loc":{"start":{"line":13,"column":12},"end":{"line":13,"column":36}},"type":"binary-expr","locations":[{"start":{"line":13,"column":12},"end":{"line":13,"column":36}},{"start":{"line":13,"column":40},"end":{"line":13,"column":74}},{"start":{"line":13,"column":79},"end":{"line":13,"column":83}}]}},"s":{"0":4,"1":4,"2":5,"3":5,"4":6,"5":5,"6":4},"f":{"0":4,"1":5,"2":5,"3":6},"b":{"0":[6,6],"1":[5,5,0]}}
,"E:\\git\\metamorphosis-typescript\\src\\service\\conversion-helper.ts": {"path":"E:\\git\\metamorphosis-typescript\\src\\service\\conversion-helper.ts","statementMap":{"0":{"start":{"line":1,"column":0},"end":{"line":1,"column":68}},"1":{"start":{"line":2,"column":0},"end":{"line":2,"column":63}},"2":{"start":{"line":7,"column":4},"end":{"line":7,"column":40}},"3":{"start":{"line":8,"column":6},"end":{"line":9,"column":29}},"4":{"start":{"line":9,"column":6},"end":{"line":9,"column":29}},"5":{"start":{"line":10,"column":6},"end":{"line":10,"column":101}},"6":{"start":{"line":14,"column":22},"end":{"line":14,"column":88}},"7":{"start":{"line":15,"column":4},"end":{"line":16,"column":133}},"8":{"start":{"line":16,"column":6},"end":{"line":16,"column":133}},"9":{"start":{"line":17,"column":4},"end":{"line":17,"column":63}},"10":{"start":{"line":21,"column":22},"end":{"line":21,"column":78}},"11":{"start":{"line":22,"column":4},"end":{"line":23,"column":130}},"12":{"start":{"line":23,"column":6},"end":{"line":23,"column":130}},"13":{"start":{"line":24,"column":4},"end":{"line":24,"column":64}},"14":{"start":{"line":4,"column":0},"end":{"line":4,"column":13}}},"fnMap":{"0":{"name":"(anonymous_7)","decl":{"start":{"line":6,"column":2},"end":{"line":6,"column":14}},"loc":{"start":{"line":6,"column":87},"end":{"line":11,"column":3}}},"1":{"name":"(anonymous_8)","decl":{"start":{"line":13,"column":8},"end":{"line":13,"column":15}},"loc":{"start":{"line":13,"column":60},"end":{"line":18,"column":null}}},"2":{"name":"(anonymous_10)","decl":{"start":{"line":20,"column":8},"end":{"line":20,"column":23}},"loc":{"start":{"line":20,"column":98},"end":{"line":25,"column":null}}}},"branchMap":{"0":{"loc":{"start":{"line":6,"column":72},"end":{"line":6,"column":87}},"type":"default-arg","locations":[{"start":{"line":6,"column":72},"end":{"line":6,"column":87}}]},"1":{"loc":{"start":{"line":8,"column":6},"end":{"line":9,"column":29}},"type":"if","locations":[{"start":{"line":8,"column":6},"end":{"line":9,"column":29}},{"start":{"line":8,"column":6},"end":{"line":9,"column":29}}]},"2":{"loc":{"start":{"line":8,"column":9},"end":{"line":8,"column":25}},"type":"binary-expr","locations":[{"start":{"line":8,"column":9},"end":{"line":8,"column":25}},{"start":{"line":8,"column":29},"end":{"line":8,"column":57}}]},"3":{"loc":{"start":{"line":15,"column":4},"end":{"line":16,"column":133}},"type":"if","locations":[{"start":{"line":15,"column":4},"end":{"line":16,"column":133}},{"start":{"line":15,"column":4},"end":{"line":16,"column":133}}]},"4":{"loc":{"start":{"line":22,"column":4},"end":{"line":23,"column":130}},"type":"if","locations":[{"start":{"line":22,"column":4},"end":{"line":23,"column":130}},{"start":{"line":22,"column":4},"end":{"line":23,"column":130}}]}},"s":{"0":4,"1":4,"2":4,"3":4,"4":1,"5":4,"6":5,"7":5,"8":0,"9":5,"10":0,"11":0,"12":0,"13":0,"14":4},"f":{"0":4,"1":5,"2":0},"b":{"0":[2],"1":[1,3],"2":[4,2],"3":[0,5],"4":[0,0]}}
}
