{"E:\\git\\metamorphosis-typescript\\src\\index.ts": {"path":"E:\\git\\metamorphosis-typescript\\src\\index.ts","statementMap":{"0":{"start":{"line":1,"column":0},"end":{"line":1,"column":9}},"1":{"start":{"line":1,"column":9},"end":{"line":1,"column":63}},"2":{"start":{"line":3,"column":0},"end":{"line":3,"column":9}},"3":{"start":{"line":3,"column":9},"end":{"line":3,"column":58}},"4":{"start":{"line":4,"column":0},"end":{"line":4,"column":9}},"5":{"start":{"line":4,"column":9},"end":{"line":4,"column":37}},"6":{"start":{"line":6,"column":0},"end":{"line":6,"column":9}},"7":{"start":{"line":6,"column":9},"end":{"line":6,"column":56}}},"fnMap":{},"branchMap":{},"s":{"0":0,"1":0,"2":0,"3":0,"4":0,"5":0,"6":0,"7":0},"f":{},"b":{}}
,"E:\\git\\metamorphosis-typescript\\src\\consts\\log.ts": {"path":"E:\\git\\metamorphosis-typescript\\src\\consts\\log.ts","statementMap":{"0":{"start":{"line":1,"column":18},"end":{"line":4,"column":null}},"1":{"start":{"line":14,"column":9},"end":{"line":14,"column":18}},"2":{"start":{"line":8,"column":8},"end":{"line":9,"column":30}},"3":{"start":{"line":9,"column":12},"end":{"line":9,"column":30}},"4":{"start":{"line":12,"column":15},"end":{"line":12,"column":27}},"5":{"start":{"line":15,"column":8},"end":{"line":15,"column":14}}},"fnMap":{"0":{"name":"(anonymous_0)","decl":{"start":{"line":7,"column":10},"end":{"line":7,"column":13}},"loc":{"start":{"line":7,"column":25},"end":{"line":10,"column":5}}}},"branchMap":{"0":{"loc":{"start":{"line":8,"column":8},"end":{"line":9,"column":30}},"type":"if","locations":[{"start":{"line":8,"column":8},"end":{"line":9,"column":30}},{"start":{"line":8,"column":8},"end":{"line":9,"column":30}}]}},"s":{"0":4,"1":4,"2":14,"3":5,"4":4,"5":4},"f":{"0":14},"b":{"0":[5,9]}}
,"E:\\git\\metamorphosis-typescript\\src\\decorators\\converter-decorator.ts": {"path":"E:\\git\\metamorphosis-typescript\\src\\decorators\\converter-decorator.ts","statementMap":{"0":{"start":{"line":2,"column":0},"end":{"line":2,"column":60}},"1":{"start":{"line":3,"column":0},"end":{"line":3,"column":39}},"2":{"start":{"line":5,"column":27},"end":{"line":17,"column":1}},"3":{"start":{"line":6,"column":2},"end":{"line":16,"column":4}},"4":{"start":{"line":7,"column":4},"end":{"line":7,"column":126}},"5":{"start":{"line":9,"column":4},"end":{"line":15,"column":null}},"6":{"start":{"line":11,"column":8},"end":{"line":11,"column":23}},"7":{"start":{"line":12,"column":8},"end":{"line":12,"column":123}},"8":{"start":{"line":13,"column":8},"end":{"line":13,"column":139}},"9":{"start":{"line":22,"column":31},"end":{"line":22,"column":38}},"10":{"start":{"line":19,"column":26},"end":{"line":19,"column":49}},"11":{"start":{"line":20,"column":9},"end":{"line":20,"column":26}}},"fnMap":{"0":{"name":"(anonymous_0)","decl":{"start":{"line":5,"column":27},"end":{"line":5,"column":28}},"loc":{"start":{"line":5,"column":90},"end":{"line":17,"column":1}}},"1":{"name":"(anonymous_1)","decl":{"start":{"line":6,"column":9},"end":{"line":6,"column":53}},"loc":{"start":{"line":6,"column":77},"end":{"line":16,"column":3}}},"2":{"name":"(anonymous_2)","decl":{"start":{"line":10,"column":6},"end":{"line":10,"column":18}},"loc":{"start":{"line":10,"column":32},"end":{"line":14,"column":7}}}},"branchMap":{},"s":{"0":4,"1":4,"2":4,"3":5,"4":5,"5":5,"6":5,"7":5,"8":5,"9":4,"10":4,"11":4},"f":{"0":5,"1":5,"2":5},"b":{}}
,"E:\\git\\metamorphosis-typescript\\src\\model\\conversion-plugin-registry.ts": {"path":"E:\\git\\metamorphosis-typescript\\src\\model\\conversion-plugin-registry.ts","statementMap":{"0":{"start":{"line":5,"column":10},"end":{"line":5,"column":57}},"1":{"start":{"line":8,"column":4},"end":{"line":8,"column":44}},"2":{"start":{"line":12,"column":4},"end":{"line":12,"column":17}},"3":{"start":{"line":16,"column":4},"end":{"line":16,"column":33}},"4":{"start":{"line":4,"column":0},"end":{"line":4,"column":21}},"5":{"start":{"line":21,"column":33},"end":{"line":21,"column":63}},"6":{"start":{"line":22,"column":9},"end":{"line":22,"column":33}}},"fnMap":{"0":{"name":"(anonymous_0)","decl":{"start":{"line":4,"column":0},"end":{"line":4,"column":21}},"loc":{"start":{"line":4,"column":0},"end":{"line":19,"column":1}}},"1":{"name":"(anonymous_1)","decl":{"start":{"line":7,"column":9},"end":{"line":7,"column":17}},"loc":{"start":{"line":7,"column":55},"end":{"line":9,"column":3}}},"2":{"name":"(anonymous_2)","decl":{"start":{"line":11,"column":9},"end":{"line":11,"column":34}},"loc":{"start":{"line":11,"column":79},"end":{"line":13,"column":3}}},"3":{"name":"(anonymous_3)","decl":{"start":{"line":15,"column":9},"end":{"line":15,"column":28}},"loc":{"start":{"line":15,"column":73},"end":{"line":17,"column":3}}}},"branchMap":{},"s":{"0":0,"1":0,"2":0,"3":0,"4":0,"5":0,"6":0},"f":{"0":0,"1":0,"2":0,"3":0},"b":{}}
,"E:\\git\\metamorphosis-typescript\\src\\model\\converter-descriptor.ts": {"path":"E:\\git\\metamorphosis-typescript\\src\\model\\converter-descriptor.ts","statementMap":{"0":{"start":{"line":9,"column":4},"end":{"line":9,"column":31}},"1":{"start":{"line":10,"column":4},"end":{"line":10,"column":35}},"2":{"start":{"line":11,"column":4},"end":{"line":11,"column":35}},"3":{"start":{"line":3,"column":0},"end":{"line":3,"column":21}}},"fnMap":{"0":{"name":"(anonymous_0)","decl":{"start":{"line":8,"column":2},"end":{"line":8,"column":14}},"loc":{"start":{"line":8,"column":129},"end":{"line":12,"column":3}}}},"branchMap":{},"s":{"0":5,"1":5,"2":5,"3":4},"f":{"0":5},"b":{}}
,"E:\\git\\metamorphosis-typescript\\src\\model\\converter-registry.ts": {"path":"E:\\git\\metamorphosis-typescript\\src\\model\\converter-registry.ts","statementMap":{"0":{"start":{"line":1,"column":0},"end":{"line":1,"column":57}},"1":{"start":{"line":5,"column":10},"end":{"line":5,"column":57}},"2":{"start":{"line":8,"column":4},"end":{"line":8,"column":88}},"3":{"start":{"line":12,"column":37},"end":{"line":12,"column":171}},"4":{"start":{"line":12,"column":82},"end":{"line":12,"column":170}},"5":{"start":{"line":13,"column":4},"end":{"line":13,"column":84}},"6":{"start":{"line":4,"column":0},"end":{"line":4,"column":21}}},"fnMap":{"0":{"name":"(anonymous_0)","decl":{"start":{"line":4,"column":0},"end":{"line":4,"column":21}},"loc":{"start":{"line":4,"column":0},"end":{"line":15,"column":1}}},"1":{"name":"(anonymous_1)","decl":{"start":{"line":7,"column":9},"end":{"line":7,"column":17}},"loc":{"start":{"line":7,"column":133},"end":{"line":9,"column":3}}},"2":{"name":"(anonymous_2)","decl":{"start":{"line":11,"column":9},"end":{"line":11,"column":21}},"loc":{"start":{"line":11,"column":71},"end":{"line":14,"column":3}}},"3":{"name":"(anonymous_3)","decl":{"start":{"line":12,"column":59},"end":{"line":12,"column":78}},"loc":{"start":{"line":12,"column":82},"end":{"line":12,"column":170}}}},"branchMap":{"0":{"loc":{"start":{"line":12,"column":82},"end":{"line":12,"column":124}},"type":"binary-expr","locations":[{"start":{"line":12,"column":82},"end":{"line":12,"column":124}},{"start":{"line":12,"column":128},"end":{"line":12,"column":170}}]},"1":{"loc":{"start":{"line":13,"column":12},"end":{"line":13,"column":36}},"type":"binary-expr","locations":[{"start":{"line":13,"column":12},"end":{"line":13,"column":36}},{"start":{"line":13,"column":40},"end":{"line":13,"column":74}},{"start":{"line":13,"column":79},"end":{"line":13,"column":83}}]}},"s":{"0":4,"1":4,"2":5,"3":5,"4":6,"5":5,"6":4},"f":{"0":4,"1":5,"2":5,"3":6},"b":{"0":[6,6],"1":[5,5,0]}}
,"E:\\git\\metamorphosis-typescript\\src\\model\\plugin-registry.ts": {"path":"E:\\git\\metamorphosis-typescript\\src\\model\\plugin-registry.ts","statementMap":{"0":{"start":{"line":4,"column":10},"end":{"line":4,"column":54}},"1":{"start":{"line":7,"column":4},"end":{"line":7,"column":31}},"2":{"start":{"line":11,"column":16},"end":{"line":13,"column":12}},"3":{"start":{"line":12,"column":6},"end":{"line":12,"column":81}},"4":{"start":{"line":14,"column":4},"end":{"line":14,"column":15}},"5":{"start":{"line":18,"column":25},"end":{"line":18,"column":101}},"6":{"start":{"line":18,"column":49},"end":{"line":18,"column":100}},"7":{"start":{"line":19,"column":31},"end":{"line":19,"column":102}},"8":{"start":{"line":20,"column":5},"end":{"line":20,"column":54}},"9":{"start":{"line":25,"column":23},"end":{"line":25,"column":43}},"10":{"start":{"line":26,"column":8},"end":{"line":26,"column":22}}},"fnMap":{"0":{"name":"(anonymous_0)","decl":{"start":{"line":3,"column":0},"end":{"line":3,"column":6}},"loc":{"start":{"line":3,"column":0},"end":{"line":23,"column":1}}},"1":{"name":"(anonymous_1)","decl":{"start":{"line":6,"column":9},"end":{"line":6,"column":17}},"loc":{"start":{"line":6,"column":45},"end":{"line":8,"column":3}}},"2":{"name":"(anonymous_2)","decl":{"start":{"line":10,"column":2},"end":{"line":10,"column":27}},"loc":{"start":{"line":10,"column":72},"end":{"line":15,"column":3}}},"3":{"name":"(anonymous_3)","decl":{"start":{"line":11,"column":37},"end":{"line":11,"column":38}},"loc":{"start":{"line":11,"column":57},"end":{"line":13,"column":5}}},"4":{"name":"(anonymous_4)","decl":{"start":{"line":17,"column":3},"end":{"line":17,"column":22}},"loc":{"start":{"line":17,"column":67},"end":{"line":21,"column":4}}},"5":{"name":"(anonymous_5)","decl":{"start":{"line":18,"column":44},"end":{"line":18,"column":45}},"loc":{"start":{"line":18,"column":49},"end":{"line":18,"column":100}}}},"branchMap":{"0":{"loc":{"start":{"line":12,"column":13},"end":{"line":12,"column":16}},"type":"binary-expr","locations":[{"start":{"line":12,"column":13},"end":{"line":12,"column":16}},{"start":{"line":12,"column":20},"end":{"line":12,"column":80}}]},"1":{"loc":{"start":{"line":19,"column":31},"end":{"line":19,"column":42}},"type":"binary-expr","locations":[{"start":{"line":19,"column":31},"end":{"line":19,"column":42}},{"start":{"line":19,"column":47},"end":{"line":19,"column":102}}]},"2":{"loc":{"start":{"line":20,"column":12},"end":{"line":20,"column":28}},"type":"binary-expr","locations":[{"start":{"line":20,"column":12},"end":{"line":20,"column":28}},{"start":{"line":20,"column":32},"end":{"line":20,"column":53}}]}},"s":{"0":4,"1":0,"2":5,"3":0,"4":5,"5":0,"6":0,"7":0,"8":0,"9":4,"10":4},"f":{"0":4,"1":0,"2":5,"3":0,"4":0,"5":0},"b":{"0":[0,0],"1":[0,0],"2":[0,0]}}
,"E:\\git\\metamorphosis-typescript\\src\\service\\conversion-helper.ts": {"path":"E:\\git\\metamorphosis-typescript\\src\\service\\conversion-helper.ts","statementMap":{"0":{"start":{"line":1,"column":0},"end":{"line":1,"column":68}},"1":{"start":{"line":2,"column":0},"end":{"line":2,"column":63}},"2":{"start":{"line":3,"column":0},"end":{"line":3,"column":58}},"3":{"start":{"line":11,"column":4},"end":{"line":11,"column":40}},"4":{"start":{"line":12,"column":4},"end":{"line":13,"column":29}},"5":{"start":{"line":13,"column":6},"end":{"line":13,"column":29}},"6":{"start":{"line":14,"column":4},"end":{"line":15,"column":68}},"7":{"start":{"line":15,"column":6},"end":{"line":15,"column":68}},"8":{"start":{"line":16,"column":4},"end":{"line":16,"column":99}},"9":{"start":{"line":20,"column":4},"end":{"line":26,"column":82}},"10":{"start":{"line":21,"column":31},"end":{"line":21,"column":89}},"11":{"start":{"line":22,"column":6},"end":{"line":22,"column":116}},"12":{"start":{"line":23,"column":6},"end":{"line":23,"column":76}},"13":{"start":{"line":26,"column":6},"end":{"line":26,"column":82}},"14":{"start":{"line":30,"column":4},"end":{"line":30,"column":70}},"15":{"start":{"line":35,"column":22},"end":{"line":35,"column":78}},"16":{"start":{"line":36,"column":4},"end":{"line":37,"column":130}},"17":{"start":{"line":37,"column":6},"end":{"line":37,"column":130}},"18":{"start":{"line":38,"column":4},"end":{"line":38,"column":64}},"19":{"start":{"line":7,"column":0},"end":{"line":7,"column":13}}},"fnMap":{"0":{"name":"(anonymous_7)","decl":{"start":{"line":9,"column":2},"end":{"line":9,"column":14}},"loc":{"start":{"line":10,"column":124},"end":{"line":17,"column":3}}},"1":{"name":"(anonymous_8)","decl":{"start":{"line":19,"column":2},"end":{"line":19,"column":9}},"loc":{"start":{"line":19,"column":54},"end":{"line":27,"column":3}}},"2":{"name":"(anonymous_9)","decl":{"start":{"line":29,"column":2},"end":{"line":29,"column":17}},"loc":{"start":{"line":29,"column":92},"end":{"line":32,"column":3}}},"3":{"name":"(anonymous_10)","decl":{"start":{"line":34,"column":16},"end":{"line":34,"column":32}},"loc":{"start":{"line":34,"column":107},"end":{"line":39,"column":null}}}},"branchMap":{"0":{"loc":{"start":{"line":10,"column":96},"end":{"line":10,"column":124}},"type":"default-arg","locations":[{"start":{"line":10,"column":96},"end":{"line":10,"column":124}}]},"1":{"loc":{"start":{"line":9,"column":33},"end":{"line":9,"column":35}},"type":"default-arg","locations":[{"start":{"line":9,"column":33},"end":{"line":9,"column":35}}]},"2":{"loc":{"start":{"line":12,"column":4},"end":{"line":13,"column":29}},"type":"if","locations":[{"start":{"line":12,"column":4},"end":{"line":13,"column":29}},{"start":{"line":12,"column":4},"end":{"line":13,"column":29}}]},"3":{"loc":{"start":{"line":12,"column":7},"end":{"line":12,"column":23}},"type":"binary-expr","locations":[{"start":{"line":12,"column":7},"end":{"line":12,"column":23}},{"start":{"line":12,"column":27},"end":{"line":12,"column":55}}]},"4":{"loc":{"start":{"line":14,"column":4},"end":{"line":15,"column":68}},"type":"if","locations":[{"start":{"line":14,"column":4},"end":{"line":15,"column":68}},{"start":{"line":14,"column":4},"end":{"line":15,"column":68}}]},"5":{"loc":{"start":{"line":20,"column":4},"end":{"line":26,"column":82}},"type":"if","locations":[{"start":{"line":20,"column":4},"end":{"line":26,"column":82}},{"start":{"line":20,"column":4},"end":{"line":26,"column":82}}]},"6":{"loc":{"start":{"line":36,"column":4},"end":{"line":37,"column":130}},"type":"if","locations":[{"start":{"line":36,"column":4},"end":{"line":37,"column":130}},{"start":{"line":36,"column":4},"end":{"line":37,"column":130}}]}},"s":{"0":4,"1":4,"2":4,"3":4,"4":4,"5":1,"6":4,"7":4,"8":4,"9":5,"10":0,"11":0,"12":0,"13":5,"14":0,"15":5,"16":5,"17":0,"18":5,"19":4},"f":{"0":4,"1":5,"2":0,"3":5},"b":{"0":[2],"1":[2],"2":[1,3],"3":[4,2],"4":[4,0],"5":[0,5],"6":[0,5]}}
}
