TN:
SF:E:\git\metamorphosis-typescript\src\index.ts
FNF:0
FNH:0
DA:1,0
DA:3,0
DA:4,0
DA:6,0
LF:4
LH:0
BRF:0
BRH:0
end_of_record
TN:
SF:E:\git\metamorphosis-typescript\src\consts\log.ts
FN:7,(anonymous_0)
FNF:1
FNH:1
FNDA:14,(anonymous_0)
DA:1,4
DA:8,14
DA:9,5
DA:12,4
DA:14,4
DA:15,4
LF:6
LH:6
BRDA:8,0,0,5
BRDA:8,0,1,9
BRF:2
BRH:2
end_of_record
TN:
SF:E:\git\metamorphosis-typescript\src\decorators\converter-decorator.ts
FN:5,(anonymous_0)
FN:6,(anonymous_1)
FN:10,(anonymous_2)
FNF:3
FNH:3
FNDA:5,(anonymous_0)
FNDA:5,(anonymous_1)
FNDA:5,(anonymous_2)
DA:2,4
DA:3,4
DA:5,4
DA:6,5
DA:7,5
DA:9,5
DA:11,5
DA:12,5
DA:13,5
DA:19,4
DA:20,4
DA:22,4
LF:12
LH:12
BRF:0
BRH:0
end_of_record
TN:
SF:E:\git\metamorphosis-typescript\src\model\conversion-plugin-registry.ts
FN:4,(anonymous_0)
FN:7,(anonymous_1)
FN:11,(anonymous_2)
FN:15,(anonymous_3)
FNF:4
FNH:0
FNDA:0,(anonymous_0)
FNDA:0,(anonymous_1)
FNDA:0,(anonymous_2)
FNDA:0,(anonymous_3)
DA:4,0
DA:5,0
DA:8,0
DA:12,0
DA:16,0
DA:21,0
DA:22,0
LF:7
LH:0
BRF:0
BRH:0
end_of_record
TN:
SF:E:\git\metamorphosis-typescript\src\model\converter-descriptor.ts
FN:8,(anonymous_0)
FNF:1
FNH:1
FNDA:5,(anonymous_0)
DA:3,4
DA:9,5
DA:10,5
DA:11,5
LF:4
LH:4
BRF:0
BRH:0
end_of_record
TN:
SF:E:\git\metamorphosis-typescript\src\model\converter-registry.ts
FN:4,(anonymous_0)
FN:7,(anonymous_1)
FN:11,(anonymous_2)
FN:12,(anonymous_3)
FNF:4
FNH:4
FNDA:4,(anonymous_0)
FNDA:5,(anonymous_1)
FNDA:5,(anonymous_2)
FNDA:6,(anonymous_3)
DA:1,4
DA:4,4
DA:5,4
DA:8,5
DA:12,6
DA:13,5
LF:6
LH:6
BRDA:12,0,0,6
BRDA:12,0,1,6
BRDA:13,1,0,5
BRDA:13,1,1,5
BRDA:13,1,2,0
BRF:5
BRH:4
end_of_record
TN:
SF:E:\git\metamorphosis-typescript\src\model\plugin-registry.ts
FN:3,(anonymous_0)
FN:6,(anonymous_1)
FN:10,(anonymous_2)
FN:11,(anonymous_3)
FN:17,(anonymous_4)
FN:18,(anonymous_5)
FNF:6
FNH:2
FNDA:4,(anonymous_0)
FNDA:0,(anonymous_1)
FNDA:5,(anonymous_2)
FNDA:0,(anonymous_3)
FNDA:0,(anonymous_4)
FNDA:0,(anonymous_5)
DA:4,4
DA:7,0
DA:11,5
DA:12,0
DA:14,5
DA:18,0
DA:19,0
DA:20,0
DA:25,4
DA:26,4
LF:10
LH:5
BRDA:12,0,0,0
BRDA:12,0,1,0
BRDA:19,1,0,0
BRDA:19,1,1,0
BRDA:20,2,0,0
BRDA:20,2,1,0
BRF:6
BRH:0
end_of_record
TN:
SF:E:\git\metamorphosis-typescript\src\service\conversion-helper.ts
FN:9,(anonymous_7)
FN:19,(anonymous_8)
FN:29,(anonymous_9)
FN:34,(anonymous_10)
FNF:4
FNH:3
FNDA:4,(anonymous_7)
FNDA:5,(anonymous_8)
FNDA:0,(anonymous_9)
FNDA:5,(anonymous_10)
DA:1,4
DA:2,4
DA:3,4
DA:7,4
DA:11,4
DA:12,4
DA:13,1
DA:14,4
DA:15,4
DA:16,4
DA:20,5
DA:21,0
DA:22,0
DA:23,0
DA:26,5
DA:30,0
DA:35,5
DA:36,5
DA:37,0
DA:38,5
LF:20
LH:15
BRDA:10,0,0,2
BRDA:9,1,0,2
BRDA:12,2,0,1
BRDA:12,2,1,3
BRDA:12,3,0,4
BRDA:12,3,1,2
BRDA:14,4,0,4
BRDA:14,4,1,0
BRDA:20,5,0,0
BRDA:20,5,1,5
BRDA:36,6,0,0
BRDA:36,6,1,5
BRF:12
BRH:9
end_of_record
